<?xml version="1.0" encoding="UTF-8"?>
<!-- Generated by org.testng.reporters.JUnitReportReporter -->
<testsuite skipped="0" hostname="personal-PC" name="selenium.DatadrivenTest2" tests="4" failures="0" timestamp="26 Mar 2018 07:07:45 GMT" time="0.026" errors="0">
  <testcase name="Addition" time="0.019" classname="selenium.DatadrivenTest2"/>
  <testcase name="Addition" time="0.003" classname="selenium.DatadrivenTest2"/>
  <testcase name="Addition" time="0.002" classname="selenium.DatadrivenTest2"/>
  <testcase name="Addition" time="0.002" classname="selenium.DatadrivenTest2"/>
</testsuite> <!-- selenium.DatadrivenTest2 -->
